--------------------------------------------------------------------------------
Release 14.7 Trace  (nt)
Copyright (c) 1995-2013 Xilinx, Inc.  All rights reserved.

E:\Xilinx\14.7\ISE_DS\ISE\bin\nt\unwrapped\trce.exe -intstyle ise -v 3 -s 2 -n
3 -fastpaths -xml splitter_preroute.twx splitter_map.ncd -o
splitter_preroute.twr splitter.pcf

Design file:              splitter_map.ncd
Physical constraint file: splitter.pcf
Device,package,speed:     xc6slx150,fgg676,C,-2 (PRODUCTION 1.23 2013-10-13)
Report level:             verbose report

Environment Variable      Effect 
--------------------      ------ 
NONE                      No environment variables were set
--------------------------------------------------------------------------------

INFO:Timing:2698 - No timing constraints found, doing default enumeration.
INFO:Timing:3412 - To improve timing, see the Timing Closure User Guide (UG612).
INFO:Timing:2752 - To get complete path coverage, use the unconstrained paths 
   option. All paths that are not constrained will be reported in the 
   unconstrained paths section(s) of the report.
INFO:Timing:3284 - This timing report was generated using estimated delay 
   information.  For accurate numbers, please refer to the post Place and Route 
   timing report.
INFO:Timing:3339 - The clock-to-out numbers in this timing report are based on 
   a 50 Ohm transmission line loading model.  For the details of this model, 
   and for more information on accounting for different loading conditions, 
   please see the device datasheet.



Data Sheet report:
-----------------
All values displayed in nanoseconds (ns)

Pad to Pad
---------------+---------------+---------+
Source Pad     |Destination Pad|  Delay  |
---------------+---------------+---------+
A<0>           |O4<0>          |   11.229|
A<1>           |O4<1>          |   11.219|
A<2>           |O4<2>          |   11.376|
A<3>           |O4<3>          |   11.376|
A<4>           |O4<4>          |   11.156|
A<5>           |O4<5>          |   11.156|
A<6>           |O4<6>          |   11.008|
A<7>           |O4<7>          |   11.007|
A<8>           |O3<0>          |    9.798|
A<9>           |O3<1>          |    9.788|
A<10>          |O3<2>          |    9.553|
A<11>          |O3<3>          |    9.543|
A<12>          |O3<4>          |    9.712|
A<13>          |O3<5>          |    9.712|
A<14>          |O3<6>          |   10.206|
A<15>          |O3<7>          |   10.206|
A<16>          |O2<0>          |    8.969|
A<17>          |O2<1>          |    8.969|
A<18>          |O2<2>          |    9.015|
A<19>          |O2<3>          |    9.015|
A<20>          |O2<4>          |    9.012|
A<21>          |O2<5>          |    9.012|
A<22>          |O2<6>          |    9.007|
A<23>          |O2<7>          |    9.007|
A<24>          |O1<0>          |    7.614|
A<25>          |O1<1>          |    7.550|
A<26>          |O1<2>          |    7.664|
A<27>          |O1<3>          |    7.550|
A<28>          |O1<4>          |    7.337|
A<29>          |O1<5>          |    7.550|
A<30>          |O1<6>          |    7.337|
A<31>          |O1<7>          |    7.337|
---------------+---------------+---------+


Analysis completed Sun Nov 05 15:48:04 2017 
--------------------------------------------------------------------------------

Trace Settings:
-------------------------
Trace Settings 

Peak Memory Usage: 282 MB



