--------------------------------------------------------------------------------
Release 14.7 Trace  (nt)
Copyright (c) 1995-2013 Xilinx, Inc.  All rights reserved.

E:\Xilinx\14.7\ISE_DS\ISE\bin\nt\unwrapped\trce.exe -intstyle ise -v 3 -s 2 -n
3 -fastpaths -xml splitter.twx splitter.ncd -o splitter.twr splitter.pcf

Design file:              splitter.ncd
Physical constraint file: splitter.pcf
Device,package,speed:     xc6slx150,fgg676,C,-2 (PRODUCTION 1.23 2013-10-13)
Report level:             verbose report

Environment Variable      Effect 
--------------------      ------ 
NONE                      No environment variables were set
--------------------------------------------------------------------------------

INFO:Timing:2698 - No timing constraints found, doing default enumeration.
INFO:Timing:3412 - To improve timing, see the Timing Closure User Guide (UG612).
INFO:Timing:2752 - To get complete path coverage, use the unconstrained paths 
   option. All paths that are not constrained will be reported in the 
   unconstrained paths section(s) of the report.
INFO:Timing:3339 - The clock-to-out numbers in this timing report are based on 
   a 50 Ohm transmission line loading model.  For the details of this model, 
   and for more information on accounting for different loading conditions, 
   please see the device datasheet.



Data Sheet report:
-----------------
All values displayed in nanoseconds (ns)

Pad to Pad
---------------+---------------+---------+
Source Pad     |Destination Pad|  Delay  |
---------------+---------------+---------+
A<0>           |O4<0>          |   12.608|
A<1>           |O4<1>          |   11.844|
A<2>           |O4<2>          |   12.574|
A<3>           |O4<3>          |   12.802|
A<4>           |O4<4>          |   11.864|
A<5>           |O4<5>          |   12.561|
A<6>           |O4<6>          |   11.721|
A<7>           |O4<7>          |   11.474|
A<8>           |O3<0>          |   10.044|
A<9>           |O3<1>          |   10.032|
A<10>          |O3<2>          |   10.516|
A<11>          |O3<3>          |   10.337|
A<12>          |O3<4>          |   10.317|
A<13>          |O3<5>          |    9.939|
A<14>          |O3<6>          |   11.155|
A<15>          |O3<7>          |   10.557|
A<16>          |O2<0>          |    9.500|
A<17>          |O2<1>          |    9.185|
A<18>          |O2<2>          |    9.564|
A<19>          |O2<3>          |    9.342|
A<20>          |O2<4>          |    9.815|
A<21>          |O2<5>          |    9.651|
A<22>          |O2<6>          |    9.675|
A<23>          |O2<7>          |    9.381|
A<24>          |O1<0>          |    8.101|
A<25>          |O1<1>          |    7.608|
A<26>          |O1<2>          |    8.151|
A<27>          |O1<3>          |    7.782|
A<28>          |O1<4>          |    7.221|
A<29>          |O1<5>          |    7.608|
A<30>          |O1<6>          |    7.221|
A<31>          |O1<7>          |    7.221|
---------------+---------------+---------+


Analysis completed Sun Nov 05 15:47:10 2017 
--------------------------------------------------------------------------------

Trace Settings:
-------------------------
Trace Settings 

Peak Memory Usage: 282 MB



