Release 14.7 Map P.20131013 (nt)
Xilinx Mapping Report File for Design 'splitter'

Design Information
------------------
Command Line   : map -intstyle ise -p xc6slx150-fgg676-2 -w -logic_opt off -ol
high -t 1 -xt 0 -register_duplication off -r 4 -global_opt off -mt off -ir off
-pr off -lc off -power off -o splitter_map.ncd splitter.ngd splitter.pcf 
Target Device  : xc6slx150
Target Package : fgg676
Target Speed   : -2
Mapper Version : spartan6 -- $Revision: 1.55 $
Mapped Date    : Sun Nov 05 15:46:05 2017

Design Summary
--------------
Number of errors:      0
Number of warnings:    0
Slice Logic Utilization:
  Number of Slice Registers:                     0 out of 184,304    0%
  Number of Slice LUTs:                          0 out of  92,152    0%

Slice Logic Distribution:
  Number of occupied Slices:                     0 out of  23,038    0%
  Number of MUXCYs used:                         0 out of  46,076    0%
  Number of LUT Flip Flop pairs used:            0

IO Utilization:
  Number of bonded IOBs:                        64 out of     498   12%

Specific Feature Utilization:
  Number of RAMB16BWERs:                         0 out of     268    0%
  Number of RAMB8BWERs:                          0 out of     536    0%
  Number of BUFIO2/BUFIO2_2CLKs:                 0 out of      32    0%
  Number of BUFIO2FB/BUFIO2FB_2CLKs:             0 out of      32    0%
  Number of BUFG/BUFGMUXs:                       0 out of      16    0%
  Number of DCM/DCM_CLKGENs:                     0 out of      12    0%
  Number of ILOGIC2/ISERDES2s:                   0 out of     586    0%
  Number of IODELAY2/IODRP2/IODRP2_MCBs:         0 out of     586    0%
  Number of OLOGIC2/OSERDES2s:                   0 out of     586    0%
  Number of BSCANs:                              0 out of       4    0%
  Number of BUFHs:                               0 out of     384    0%
  Number of BUFPLLs:                             0 out of       8    0%
  Number of BUFPLL_MCBs:                         0 out of       4    0%
  Number of DSP48A1s:                            0 out of     180    0%
  Number of ICAPs:                               0 out of       1    0%
  Number of MCBs:                                0 out of       4    0%
  Number of PCILOGICSEs:                         0 out of       2    0%
  Number of PLL_ADVs:                            0 out of       6    0%
  Number of PMVs:                                0 out of       1    0%
  Number of STARTUPs:                            0 out of       1    0%
  Number of SUSPEND_SYNCs:                       0 out of       1    0%

Average Fanout of Non-Clock Nets:                1.00

Peak Memory Usage:  422 MB
Total REAL time to MAP completion:  25 secs 
Total CPU time to MAP completion:   21 secs 

Table of Contents
-----------------
Section 1 - Errors
Section 2 - Warnings
Section 3 - Informational
Section 4 - Removed Logic Summary
Section 5 - Removed Logic
Section 6 - IOB Properties
Section 7 - RPMs
Section 8 - Guide Report
Section 9 - Area Group and Partition Summary
Section 10 - Timing Report
Section 11 - Configuration String Information
Section 12 - Control Set Information
Section 13 - Utilization by Hierarchy

Section 1 - Errors
------------------

Section 2 - Warnings
--------------------
WARNING:Security:42 - Your software subscription period has lapsed. Your current
version of Xilinx tools will continue to function, but you no longer qualify for
Xilinx software updates or new releases.

Section 3 - Informational
-------------------------
INFO:Security:56 - Part 'xc6slx150' is not a WebPack part.
INFO:MapLib:562 - No environment variables are currently set.
INFO:LIT:244 - All of the single ended outputs in this design are using slew
   rate limited output drivers. The delay on speed critical single ended outputs
   can be dramatically reduced by designating them as fast outputs.
INFO:Pack:1716 - Initializing temperature to 85.000 Celsius. (default - Range:
   0.000 to 85.000 Celsius)
INFO:Pack:1720 - Initializing voltage to 1.140 Volts. (default - Range: 1.140 to
   1.260 Volts)
INFO:Map:215 - The Interim Design Summary has been generated in the MAP Report
   (.mrp).
INFO:Pack:1650 - Map created a placed design.

Section 4 - Removed Logic Summary
---------------------------------

Section 5 - Removed Logic
-------------------------

Section 6 - IOB Properties
--------------------------

+---------------------------------------------------------------------------------------------------------------------------------------------------------+
| IOB Name                           | Type             | Direction | IO Standard          | Diff  | Drive    | Slew | Reg (s)      | Resistor | IOB      |
|                                    |                  |           |                      | Term  | Strength | Rate |              |          | Delay    |
+---------------------------------------------------------------------------------------------------------------------------------------------------------+
| A<0>                               | IOB              | INPUT     | LVCMOS25             |       |          |      |              |          |          |
| A<1>                               | IOB              | INPUT     | LVCMOS25             |       |          |      |              |          |          |
| A<2>                               | IOB              | INPUT     | LVCMOS25             |       |          |      |              |          |          |
| A<3>                               | IOB              | INPUT     | LVCMOS25             |       |          |      |              |          |          |
| A<4>                               | IOB              | INPUT     | LVCMOS25             |       |          |      |              |          |          |
| A<5>                               | IOB              | INPUT     | LVCMOS25             |       |          |      |              |          |          |
| A<6>                               | IOB              | INPUT     | LVCMOS25             |       |          |      |              |          |          |
| A<7>                               | IOB              | INPUT     | LVCMOS25             |       |          |      |              |          |          |
| A<8>                               | IOB              | INPUT     | LVCMOS25             |       |          |      |              |          |          |
| A<9>                               | IOB              | INPUT     | LVCMOS25             |       |          |      |              |          |          |
| A<10>                              | IOB              | INPUT     | LVCMOS25             |       |          |      |              |          |          |
| A<11>                              | IOB              | INPUT     | LVCMOS25             |       |          |      |              |          |          |
| A<12>                              | IOB              | INPUT     | LVCMOS25             |       |          |      |              |          |          |
| A<13>                              | IOB              | INPUT     | LVCMOS25             |       |          |      |              |          |          |
| A<14>                              | IOB              | INPUT     | LVCMOS25             |       |          |      |              |          |          |
| A<15>                              | IOB              | INPUT     | LVCMOS25             |       |          |      |              |          |          |
| A<16>                              | IOB              | INPUT     | LVCMOS25             |       |          |      |              |          |          |
| A<17>                              | IOB              | INPUT     | LVCMOS25             |       |          |      |              |          |          |
| A<18>                              | IOB              | INPUT     | LVCMOS25             |       |          |      |              |          |          |
| A<19>                              | IOB              | INPUT     | LVCMOS25             |       |          |      |              |          |          |
| A<20>                              | IOB              | INPUT     | LVCMOS25             |       |          |      |              |          |          |
| A<21>                              | IOB              | INPUT     | LVCMOS25             |       |          |      |              |          |          |
| A<22>                              | IOB              | INPUT     | LVCMOS25             |       |          |      |              |          |          |
| A<23>                              | IOB              | INPUT     | LVCMOS25             |       |          |      |              |          |          |
| A<24>                              | IOB              | INPUT     | LVCMOS25             |       |          |      |              |          |          |
| A<25>                              | IOB              | INPUT     | LVCMOS25             |       |          |      |              |          |          |
| A<26>                              | IOB              | INPUT     | LVCMOS25             |       |          |      |              |          |          |
| A<27>                              | IOB              | INPUT     | LVCMOS25             |       |          |      |              |          |          |
| A<28>                              | IOB              | INPUT     | LVCMOS25             |       |          |      |              |          |          |
| A<29>                              | IOB              | INPUT     | LVCMOS25             |       |          |      |              |          |          |
| A<30>                              | IOB              | INPUT     | LVCMOS25             |       |          |      |              |          |          |
| A<31>                              | IOB              | INPUT     | LVCMOS25             |       |          |      |              |          |          |
| O1<0>                              | IOB              | OUTPUT    | LVCMOS25             |       | 12       | SLOW |              |          |          |
| O1<1>                              | IOB              | OUTPUT    | LVCMOS25             |       | 12       | SLOW |              |          |          |
| O1<2>                              | IOB              | OUTPUT    | LVCMOS25             |       | 12       | SLOW |              |          |          |
| O1<3>                              | IOB              | OUTPUT    | LVCMOS25             |       | 12       | SLOW |              |          |          |
| O1<4>                              | IOB              | OUTPUT    | LVCMOS25             |       | 12       | SLOW |              |          |          |
| O1<5>                              | IOB              | OUTPUT    | LVCMOS25             |       | 12       | SLOW |              |          |          |
| O1<6>                              | IOB              | OUTPUT    | LVCMOS25             |       | 12       | SLOW |              |          |          |
| O1<7>                              | IOB              | OUTPUT    | LVCMOS25             |       | 12       | SLOW |              |          |          |
| O2<0>                              | IOB              | OUTPUT    | LVCMOS25             |       | 12       | SLOW |              |          |          |
| O2<1>                              | IOB              | OUTPUT    | LVCMOS25             |       | 12       | SLOW |              |          |          |
| O2<2>                              | IOB              | OUTPUT    | LVCMOS25             |       | 12       | SLOW |              |          |          |
| O2<3>                              | IOB              | OUTPUT    | LVCMOS25             |       | 12       | SLOW |              |          |          |
| O2<4>                              | IOB              | OUTPUT    | LVCMOS25             |       | 12       | SLOW |              |          |          |
| O2<5>                              | IOB              | OUTPUT    | LVCMOS25             |       | 12       | SLOW |              |          |          |
| O2<6>                              | IOB              | OUTPUT    | LVCMOS25             |       | 12       | SLOW |              |          |          |
| O2<7>                              | IOB              | OUTPUT    | LVCMOS25             |       | 12       | SLOW |              |          |          |
| O3<0>                              | IOB              | OUTPUT    | LVCMOS25             |       | 12       | SLOW |              |          |          |
| O3<1>                              | IOB              | OUTPUT    | LVCMOS25             |       | 12       | SLOW |              |          |          |
| O3<2>                              | IOB              | OUTPUT    | LVCMOS25             |       | 12       | SLOW |              |          |          |
| O3<3>                              | IOB              | OUTPUT    | LVCMOS25             |       | 12       | SLOW |              |          |          |
| O3<4>                              | IOB              | OUTPUT    | LVCMOS25             |       | 12       | SLOW |              |          |          |
| O3<5>                              | IOB              | OUTPUT    | LVCMOS25             |       | 12       | SLOW |              |          |          |
| O3<6>                              | IOB              | OUTPUT    | LVCMOS25             |       | 12       | SLOW |              |          |          |
| O3<7>                              | IOB              | OUTPUT    | LVCMOS25             |       | 12       | SLOW |              |          |          |
| O4<0>                              | IOB              | OUTPUT    | LVCMOS25             |       | 12       | SLOW |              |          |          |
| O4<1>                              | IOB              | OUTPUT    | LVCMOS25             |       | 12       | SLOW |              |          |          |
| O4<2>                              | IOB              | OUTPUT    | LVCMOS25             |       | 12       | SLOW |              |          |          |
| O4<3>                              | IOB              | OUTPUT    | LVCMOS25             |       | 12       | SLOW |              |          |          |
| O4<4>                              | IOB              | OUTPUT    | LVCMOS25             |       | 12       | SLOW |              |          |          |
| O4<5>                              | IOB              | OUTPUT    | LVCMOS25             |       | 12       | SLOW |              |          |          |
| O4<6>                              | IOB              | OUTPUT    | LVCMOS25             |       | 12       | SLOW |              |          |          |
| O4<7>                              | IOB              | OUTPUT    | LVCMOS25             |       | 12       | SLOW |              |          |          |
+---------------------------------------------------------------------------------------------------------------------------------------------------------+

Section 7 - RPMs
----------------

Section 8 - Guide Report
------------------------
Guide not run on this design.

Section 9 - Area Group and Partition Summary
--------------------------------------------

Partition Implementation Status
-------------------------------

  No Partitions were found in this design.

-------------------------------

Area Group Information
----------------------

  No area groups were found in this design.

----------------------

Section 10 - Timing Report
--------------------------
A logic-level (pre-route) timing report can be generated by using Xilinx static
timing analysis tools, Timing Analyzer (GUI) or TRCE (command line), with the
mapped NCD and PCF files. Please note that this timing report will be generated
using estimated delay information. For accurate numbers, please generate a
timing report with the post Place and Route NCD file.

For more information about the Timing Analyzer, consult the Xilinx Timing
Analyzer Reference Manual; for more information about TRCE, consult the Xilinx
Command Line Tools User Guide "TRACE" chapter.

Section 11 - Configuration String Details
-----------------------------------------
Use the "-detail" map option to print out Configuration Strings

Section 12 - Control Set Information
------------------------------------
Use the "-detail" map option to print out Control Set Information.

Section 13 - Utilization by Hierarchy
-------------------------------------
Use the "-detail" map option to print out the Utilization by Hierarchy section.
