Running: E:\Xilinx\14.7\ISE_DS\ISE\bin\nt\unwrapped\fuse.exe -intstyle ise -incremental -lib unisims_ver -lib unimacro_ver -lib xilinxcorelib_ver -lib secureip -o F:/ProgrammingProjects/VHDL/id_fsm/id_fsmTB_isim_beh.exe -prj F:/ProgrammingProjects/VHDL/id_fsm/id_fsmTB_beh.prj work.id_fsmTB work.glbl 
ISim P.20131013 (signature 0x8ef4fb42)
Number of CPUs detected in this system: 4
Turning on mult-threading, number of parallel sub-compilation jobs: 8 
Determining compilation order of HDL files
Analyzing Verilog file "F:/ProgrammingProjects/VHDL/id_fsm/id_fsm.v" into library work
Analyzing Verilog file "F:/ProgrammingProjects/VHDL/id_fsm/id_fsmTB.v" into library work
Analyzing Verilog file "E:/Xilinx/14.7/ISE_DS/ISE//verilog/src/glbl.v" into library work
Starting static elaboration
Completed static elaboration
Fuse Memory Usage: 101340 KB
Fuse CPU Usage: 405 ms
Compiling module id_fsm
Compiling module id_fsmTB
Compiling module glbl
Time Resolution for simulation is 1ps.
Waiting for 1 sub-compilation(s) to finish...
Compiled 3 Verilog Units
Built simulation executable F:/ProgrammingProjects/VHDL/id_fsm/id_fsmTB_isim_beh.exe
Fuse Memory Usage: 106956 KB
Fuse CPU Usage: 467 ms
