Release 14.7 - xst P.20131013 (nt)
Copyright (c) 1995-2013 Xilinx, Inc.  All rights reserved.
--> Parameter TMPDIR set to xst/projnav.tmp


Total REAL time to Xst completion: 0.00 secs
Total CPU time to Xst completion: 0.75 secs
 
--> Parameter xsthdpdir set to xst


Total REAL time to Xst completion: 0.00 secs
Total CPU time to Xst completion: 0.75 secs
 
--> Reading design: gray.prj

TABLE OF CONTENTS
  1) Synthesis Options Summary
  2) HDL Parsing
  3) HDL Elaboration
  4) HDL Synthesis
       4.1) HDL Synthesis Report
  5) Advanced HDL Synthesis
       5.1) Advanced HDL Synthesis Report
  6) Low Level Synthesis
  7) Partition Report
  8) Design Summary
       8.1) Primitive and Black Box Usage
       8.2) Device utilization summary
       8.3) Partition Resource Summary
       8.4) Timing Report
            8.4.1) Clock Information
            8.4.2) Asynchronous Control Signals Information
            8.4.3) Timing Summary
            8.4.4) Timing Details
            8.4.5) Cross Clock Domains Report


=========================================================================
*                      Synthesis Options Summary                        *
=========================================================================
---- Source Parameters
Input File Name                    : "gray.prj"
Ignore Synthesis Constraint File   : NO

---- Target Parameters
Output File Name                   : "gray"
Output Format                      : NGC
Target Device                      : xc6slx150-2-fgg676

---- Source Options
Top Module Name                    : gray
Automatic FSM Extraction           : YES
FSM Encoding Algorithm             : Auto
Safe Implementation                : No
FSM Style                          : LUT
RAM Extraction                     : Yes
RAM Style                          : Auto
ROM Extraction                     : Yes
Shift Register Extraction          : YES
ROM Style                          : Auto
Resource Sharing                   : YES
Asynchronous To Synchronous        : NO
Shift Register Minimum Size        : 2
Use DSP Block                      : Auto
Automatic Register Balancing       : No

---- Target Options
LUT Combining                      : Auto
Reduce Control Sets                : Auto
Add IO Buffers                     : YES
Global Maximum Fanout              : 100000
Add Generic Clock Buffer(BUFG)     : 16
Register Duplication               : YES
Optimize Instantiated Primitives   : NO
Use Clock Enable                   : Auto
Use Synchronous Set                : Auto
Use Synchronous Reset              : Auto
Pack IO Registers into IOBs        : Auto
Equivalent register Removal        : YES

---- General Options
Optimization Goal                  : Speed
Optimization Effort                : 1
Power Reduction                    : NO
Keep Hierarchy                     : No
Netlist Hierarchy                  : As_Optimized
RTL Output                         : Yes
Global Optimization                : AllClockNets
Read Cores                         : YES
Write Timing Constraints           : NO
Cross Clock Analysis               : NO
Hierarchy Separator                : /
Bus Delimiter                      : <>
Case Specifier                     : Maintain
Slice Utilization Ratio            : 100
BRAM Utilization Ratio             : 100
DSP48 Utilization Ratio            : 100
Auto BRAM Packing                  : NO
Slice Utilization Ratio Delta      : 5

=========================================================================


=========================================================================
*                          HDL Parsing                                  *
=========================================================================
Analyzing Verilog file "F:\Programming Projects\VHDL\gray\gray.v" into library work
Parsing module <gray>.

=========================================================================
*                            HDL Elaboration                            *
=========================================================================

Elaborating module <gray>.
WARNING:HDLCompiler:1127 - "F:\Programming Projects\VHDL\gray\gray.v" Line 31: Assignment to comb ignored, since the identifier is never used
WARNING:HDLCompiler:413 - "F:\Programming Projects\VHDL\gray\gray.v" Line 36: Result of 32-bit expression is truncated to fit in 1-bit target.

=========================================================================
*                           HDL Synthesis                               *
=========================================================================

Synthesizing Unit <gray>.
    Related source file is "F:\Programming Projects\VHDL\gray\gray.v".
    Found 1-bit register for signal <Overflow>.
    Found 32-bit register for signal <counter>.
    Found 32-bit adder for signal <counter[31]_GND_1_o_add_4_OUT> created at line 35.
    Found 32-bit comparator greater for signal <GND_1_o_counter[31]_LessThan_9_o> created at line 37
    Summary:
	inferred   1 Adder/Subtractor(s).
	inferred  33 D-type flip-flop(s).
	inferred   1 Comparator(s).
	inferred   2 Multiplexer(s).
Unit <gray> synthesized.

=========================================================================
HDL Synthesis Report

Macro Statistics
# Adders/Subtractors                                   : 1
 32-bit adder                                          : 1
# Registers                                            : 2
 1-bit register                                        : 1
 32-bit register                                       : 1
# Comparators                                          : 1
 32-bit comparator greater                             : 1
# Multiplexers                                         : 2
 32-bit 2-to-1 multiplexer                             : 2
# Xors                                                 : 1
 32-bit xor2                                           : 1

=========================================================================

=========================================================================
*                       Advanced HDL Synthesis                          *
=========================================================================


=========================================================================
Advanced HDL Synthesis Report

Macro Statistics
# Adders/Subtractors                                   : 1
 32-bit adder                                          : 1
# Registers                                            : 33
 Flip-Flops                                            : 33
# Comparators                                          : 1
 32-bit comparator greater                             : 1
# Multiplexers                                         : 33
 1-bit 2-to-1 multiplexer                              : 32
 32-bit 2-to-1 multiplexer                             : 1
# Xors                                                 : 1
 32-bit xor2                                           : 1

=========================================================================

=========================================================================
*                         Low Level Synthesis                           *
=========================================================================

Optimizing unit <gray> ...

Mapping all equations...
Building and optimizing final netlist ...
Found area constraint ratio of 100 (+ 5) on block gray, actual ratio is 0.

Final Macro Processing ...

=========================================================================
Final Register Report

Macro Statistics
# Registers                                            : 33
 Flip-Flops                                            : 33

=========================================================================

=========================================================================
*                           Partition Report                            *
=========================================================================

Partition Implementation Status
-------------------------------

  No Partitions were found in this design.

-------------------------------

=========================================================================
*                            Design Summary                             *
=========================================================================

Top Level Output File Name         : gray.ngc

Primitive and Black Box Usage:
------------------------------
# BELS                             : 154
#      GND                         : 1
#      INV                         : 1
#      LUT1                        : 31
#      LUT2                        : 2
#      LUT4                        : 32
#      LUT5                        : 5
#      LUT6                        : 11
#      MUXCY                       : 38
#      VCC                         : 1
#      XORCY                       : 32
# FlipFlops/Latches                : 33
#      FD                          : 32
#      FDR                         : 1
# Clock Buffers                    : 1
#      BUFGP                       : 1
# IO Buffers                       : 6
#      IBUF                        : 2
#      OBUF                        : 4

Device utilization summary:
---------------------------

Selected Device : 6slx150fgg676-2 


Slice Logic Utilization: 
 Number of Slice Registers:              33  out of  184304     0%  
 Number of Slice LUTs:                   82  out of  92152     0%  
    Number used as Logic:                82  out of  92152     0%  

Slice Logic Distribution: 
 Number of LUT Flip Flop pairs used:     83
   Number with an unused Flip Flop:      50  out of     83    60%  
   Number with an unused LUT:             1  out of     83     1%  
   Number of fully used LUT-FF pairs:    32  out of     83    38%  
   Number of unique control sets:         2

IO Utilization: 
 Number of IOs:                           7
 Number of bonded IOBs:                   7  out of    498     1%  

Specific Feature Utilization:
 Number of BUFG/BUFGCTRLs:                1  out of     16     6%  

---------------------------
Partition Resource Summary:
---------------------------

  No Partitions were found in this design.

---------------------------


=========================================================================
Timing Report

NOTE: THESE TIMING NUMBERS ARE ONLY A SYNTHESIS ESTIMATE.
      FOR ACCURATE TIMING INFORMATION PLEASE REFER TO THE TRACE REPORT
      GENERATED AFTER PLACE-and-ROUTE.

Clock Information:
------------------
-----------------------------------+------------------------+-------+
Clock Signal                       | Clock buffer(FF name)  | Load  |
-----------------------------------+------------------------+-------+
Clk                                | BUFGP                  | 33    |
-----------------------------------+------------------------+-------+

Asynchronous Control Signals Information:
----------------------------------------
No asynchronous control signals found in this design

Timing Summary:
---------------
Speed Grade: -2

   Minimum period: 5.192ns (Maximum Frequency: 192.613MHz)
   Minimum input arrival time before clock: 5.666ns
   Maximum output required time after clock: 5.280ns
   Maximum combinational path delay: No path found

Timing Details:
---------------
All values displayed in nanoseconds (ns)

=========================================================================
Timing constraint: Default period analysis for Clock 'Clk'
  Clock period: 5.192ns (frequency: 192.613MHz)
  Total number of paths / destination ports: 1127 / 33
-------------------------------------------------------------------------
Delay:               5.192ns (Levels of Logic = 29)
  Source:            counter_1 (FF)
  Destination:       tmp (FF)
  Source Clock:      Clk rising
  Destination Clock: Clk rising

  Data Path: counter_1 to tmp
                                Gate     Net
    Cell:in->out      fanout   Delay   Delay  Logical Name (Net Name)
    ----------------------------------------  ------------
     FD:C->Q               4   0.525   0.804  counter_1 (counter_1)
     LUT1:I0->O            1   0.254   0.000  Madd_counter[31]_GND_1_o_add_4_OUT_cy<1>_rt (Madd_counter[31]_GND_1_o_add_4_OUT_cy<1>_rt)
     MUXCY:S->O            1   0.215   0.000  Madd_counter[31]_GND_1_o_add_4_OUT_cy<1> (Madd_counter[31]_GND_1_o_add_4_OUT_cy<1>)
     MUXCY:CI->O           1   0.023   0.000  Madd_counter[31]_GND_1_o_add_4_OUT_cy<2> (Madd_counter[31]_GND_1_o_add_4_OUT_cy<2>)
     MUXCY:CI->O           1   0.023   0.000  Madd_counter[31]_GND_1_o_add_4_OUT_cy<3> (Madd_counter[31]_GND_1_o_add_4_OUT_cy<3>)
     MUXCY:CI->O           1   0.023   0.000  Madd_counter[31]_GND_1_o_add_4_OUT_cy<4> (Madd_counter[31]_GND_1_o_add_4_OUT_cy<4>)
     MUXCY:CI->O           1   0.023   0.000  Madd_counter[31]_GND_1_o_add_4_OUT_cy<5> (Madd_counter[31]_GND_1_o_add_4_OUT_cy<5>)
     MUXCY:CI->O           1   0.023   0.000  Madd_counter[31]_GND_1_o_add_4_OUT_cy<6> (Madd_counter[31]_GND_1_o_add_4_OUT_cy<6>)
     MUXCY:CI->O           1   0.023   0.000  Madd_counter[31]_GND_1_o_add_4_OUT_cy<7> (Madd_counter[31]_GND_1_o_add_4_OUT_cy<7>)
     MUXCY:CI->O           1   0.023   0.000  Madd_counter[31]_GND_1_o_add_4_OUT_cy<8> (Madd_counter[31]_GND_1_o_add_4_OUT_cy<8>)
     MUXCY:CI->O           1   0.023   0.000  Madd_counter[31]_GND_1_o_add_4_OUT_cy<9> (Madd_counter[31]_GND_1_o_add_4_OUT_cy<9>)
     MUXCY:CI->O           1   0.023   0.000  Madd_counter[31]_GND_1_o_add_4_OUT_cy<10> (Madd_counter[31]_GND_1_o_add_4_OUT_cy<10>)
     MUXCY:CI->O           1   0.023   0.000  Madd_counter[31]_GND_1_o_add_4_OUT_cy<11> (Madd_counter[31]_GND_1_o_add_4_OUT_cy<11>)
     MUXCY:CI->O           1   0.023   0.000  Madd_counter[31]_GND_1_o_add_4_OUT_cy<12> (Madd_counter[31]_GND_1_o_add_4_OUT_cy<12>)
     MUXCY:CI->O           1   0.023   0.000  Madd_counter[31]_GND_1_o_add_4_OUT_cy<13> (Madd_counter[31]_GND_1_o_add_4_OUT_cy<13>)
     MUXCY:CI->O           1   0.023   0.000  Madd_counter[31]_GND_1_o_add_4_OUT_cy<14> (Madd_counter[31]_GND_1_o_add_4_OUT_cy<14>)
     MUXCY:CI->O           1   0.023   0.000  Madd_counter[31]_GND_1_o_add_4_OUT_cy<15> (Madd_counter[31]_GND_1_o_add_4_OUT_cy<15>)
     MUXCY:CI->O           1   0.023   0.000  Madd_counter[31]_GND_1_o_add_4_OUT_cy<16> (Madd_counter[31]_GND_1_o_add_4_OUT_cy<16>)
     MUXCY:CI->O           1   0.023   0.000  Madd_counter[31]_GND_1_o_add_4_OUT_cy<17> (Madd_counter[31]_GND_1_o_add_4_OUT_cy<17>)
     MUXCY:CI->O           1   0.023   0.000  Madd_counter[31]_GND_1_o_add_4_OUT_cy<18> (Madd_counter[31]_GND_1_o_add_4_OUT_cy<18>)
     MUXCY:CI->O           1   0.023   0.000  Madd_counter[31]_GND_1_o_add_4_OUT_cy<19> (Madd_counter[31]_GND_1_o_add_4_OUT_cy<19>)
     MUXCY:CI->O           1   0.023   0.000  Madd_counter[31]_GND_1_o_add_4_OUT_cy<20> (Madd_counter[31]_GND_1_o_add_4_OUT_cy<20>)
     MUXCY:CI->O           1   0.023   0.000  Madd_counter[31]_GND_1_o_add_4_OUT_cy<21> (Madd_counter[31]_GND_1_o_add_4_OUT_cy<21>)
     MUXCY:CI->O           1   0.023   0.000  Madd_counter[31]_GND_1_o_add_4_OUT_cy<22> (Madd_counter[31]_GND_1_o_add_4_OUT_cy<22>)
     XORCY:CI->O           1   0.206   0.682  Madd_counter[31]_GND_1_o_add_4_OUT_xor<23> (counter[31]_GND_1_o_add_4_OUT<23>)
     LUT4:I3->O            2   0.254   0.954  Mmux_counter[31]_GND_1_o_mux_6_OUT161 (counter[31]_GND_1_o_mux_6_OUT<23>)
     LUT6:I3->O            1   0.235   0.000  Mcompar_GND_1_o_counter[31]_LessThan_9_o_lut<4> (Mcompar_GND_1_o_counter[31]_LessThan_9_o_lut<4>)
     MUXCY:S->O            1   0.215   0.000  Mcompar_GND_1_o_counter[31]_LessThan_9_o_cy<4> (Mcompar_GND_1_o_counter[31]_LessThan_9_o_cy<4>)
     MUXCY:CI->O           1   0.023   0.000  Mcompar_GND_1_o_counter[31]_LessThan_9_o_cy<5> (Mcompar_GND_1_o_counter[31]_LessThan_9_o_cy<5>)
     MUXCY:CI->O           1   0.262   0.000  Mcompar_GND_1_o_counter[31]_LessThan_9_o_cy<5>_inv1_cy (tmp_glue_set)
     FDR:D                     0.074          tmp
    ----------------------------------------
    Total                      5.192ns (2.752ns logic, 2.440ns route)
                                       (53.0% logic, 47.0% route)

=========================================================================
Timing constraint: Default OFFSET IN BEFORE for Clock 'Clk'
  Total number of paths / destination ports: 111 / 34
-------------------------------------------------------------------------
Offset:              5.666ns (Levels of Logic = 5)
  Source:            En (PAD)
  Destination:       tmp (FF)
  Destination Clock: Clk rising

  Data Path: En to tmp
                                Gate     Net
    Cell:in->out      fanout   Delay   Delay  Logical Name (Net Name)
    ----------------------------------------  ------------
     IBUF:I->O            42   1.328   2.142  En_IBUF (En_IBUF)
     LUT6:I0->O            1   0.254   1.137  Mcompar_GND_1_o_counter[31]_LessThan_9_o_lut<5>_SW0 (N3)
     LUT6:I0->O            1   0.254   0.000  Mcompar_GND_1_o_counter[31]_LessThan_9_o_lut<5> (Mcompar_GND_1_o_counter[31]_LessThan_9_o_lut<5>)
     MUXCY:S->O            1   0.215   0.000  Mcompar_GND_1_o_counter[31]_LessThan_9_o_cy<5> (Mcompar_GND_1_o_counter[31]_LessThan_9_o_cy<5>)
     MUXCY:CI->O           1   0.262   0.000  Mcompar_GND_1_o_counter[31]_LessThan_9_o_cy<5>_inv1_cy (tmp_glue_set)
     FDR:D                     0.074          tmp
    ----------------------------------------
    Total                      5.666ns (2.387ns logic, 3.279ns route)
                                       (42.1% logic, 57.9% route)

=========================================================================
Timing constraint: Default OFFSET OUT AFTER for Clock 'Clk'
  Total number of paths / destination ports: 6 / 4
-------------------------------------------------------------------------
Offset:              5.280ns (Levels of Logic = 2)
  Source:            counter_1 (FF)
  Destination:       Output<1> (PAD)
  Source Clock:      Clk rising

  Data Path: counter_1 to Output<1>
                                Gate     Net
    Cell:in->out      fanout   Delay   Delay  Logical Name (Net Name)
    ----------------------------------------  ------------
     FD:C->Q               4   0.525   0.912  counter_1 (counter_1)
     LUT2:I0->O            1   0.250   0.681  Mxor_n0012_1_xo<0>1 (Output_1_OBUF)
     OBUF:I->O                 2.912          Output_1_OBUF (Output<1>)
    ----------------------------------------
    Total                      5.280ns (3.687ns logic, 1.593ns route)
                                       (69.8% logic, 30.2% route)

=========================================================================

Cross Clock Domains Report:
--------------------------

Clock to Setup on destination clock Clk
---------------+---------+---------+---------+---------+
               | Src:Rise| Src:Fall| Src:Rise| Src:Fall|
Source Clock   |Dest:Rise|Dest:Rise|Dest:Fall|Dest:Fall|
---------------+---------+---------+---------+---------+
Clk            |    5.192|         |         |         |
---------------+---------+---------+---------+---------+

=========================================================================


Total REAL time to Xst completion: 9.00 secs
Total CPU time to Xst completion: 9.00 secs
 
--> 

Total memory usage is 195244 kilobytes

Number of errors   :    0 (   0 filtered)
Number of warnings :    2 (   0 filtered)
Number of infos    :    0 (   0 filtered)

