ISim log file
Running: F:\ProgrammingProjects\VHDL\DZHP4\tb_isim_beh.exe -intstyle ise -gui -tclbatch isim.cmd -wdb F:/ProgrammingProjects/VHDL/DZHP4/tb_isim_beh.wdb 
ISim P.20131013 (signature 0x8ef4fb42)
----------------------------------------------------------------------
WARNING:Security:42 - Your software subscription period has lapsed. Your current version of Xilinx tools will continue to function, but you no longer qualify for Xilinx software updates or new releases.


----------------------------------------------------------------------
This is a Full version of ISim.
Time resolution is 1 ps
# onerror resume
# wave add /
# run 1000 ns
Simulator is doing circuit initialization process.
Finished circuit initialization process.
@00003000: $18 <= 00010000
@00003004: $ 1 <= 0000fff6
@00003008: $18 <= 0000000a
@0000300c: $ 9 <= 00000001
@00003010: $12 <= 00000004
@0000301c: $17 <= 00000000
@00003020: $ 8 <= 00000000
@00003034: *00000000 <= 00000000
@00003038: $10 <= 00000004
@0000303c: $16 <= 00000001
@0000301c: $17 <= 00000000
@00003020: $ 8 <= 00000000
@00003028: $17 <= 00000000
@0000302c: $ 8 <= 00000001
@00003034: *00000004 <= 00000000
@00003038: $10 <= 00000008
@0000303c: $16 <= 00000002
@0000301c: $17 <= 00000000
@00003020: $ 8 <= 00000000
@00003028: $17 <= 00000000
@0000302c: $ 8 <= 00000001
@00003028: $17 <= 00000001
@0000302c: $ 8 <= 00000002
@00003034: *00000008 <= 00000001
@00003038: $10 <= 0000000c
@0000303c: $16 <= 00000003
@0000301c: $17 <= 00000000
@00003020: $ 8 <= 00000000
@00003028: $17 <= 00000000
@0000302c: $ 8 <= 00000001
@00003028: $17 <= 00000001
@0000302c: $ 8 <= 00000002
@00003028: $17 <= 00000003
@0000302c: $ 8 <= 00000003
@00003034: *0000000c <= 00000003
@00003038: $10 <= 00000010
@0000303c: $16 <= 00000004
@0000301c: $17 <= 00000000
@00003020: $ 8 <= 00000000
@00003028: $17 <= 00000000
@0000302c: $ 8 <= 00000001
@00003028: $17 <= 00000001
@0000302c: $ 8 <= 00000002
@00003028: $17 <= 00000003
@0000302c: $ 8 <= 00000003
@00003028: $17 <= 00000006
@0000302c: $ 8 <= 00000004
@00003034: *00000010 <= 00000006
@00003038: $10 <= 00000014
@0000303c: $16 <= 00000005
@0000301c: $17 <= 00000000
@00003020: $ 8 <= 00000000
@00003028: $17 <= 00000000
@0000302c: $ 8 <= 00000001
@00003028: $17 <= 00000001
@0000302c: $ 8 <= 00000002
@00003028: $17 <= 00000003
@0000302c: $ 8 <= 00000003
@00003028: $17 <= 00000006
@0000302c: $ 8 <= 00000004
@00003028: $17 <= 0000000a
@0000302c: $ 8 <= 00000005
@00003034: *00000014 <= 0000000a
@00003038: $10 <= 00000018
@0000303c: $16 <= 00000006
@0000301c: $17 <= 00000000
@00003020: $ 8 <= 00000000
@00003028: $17 <= 00000000
@0000302c: $ 8 <= 00000001
@00003028: $17 <= 00000001
@0000302c: $ 8 <= 00000002
@00003028: $17 <= 00000003
@0000302c: $ 8 <= 00000003
@00003028: $17 <= 00000006
@0000302c: $ 8 <= 00000004
@00003028: $17 <= 0000000a
@0000302c: $ 8 <= 00000005
@00003028: $17 <= 0000000f
@0000302c: $ 8 <= 00000006
@00003034: *00000018 <= 0000000f
@00003038: $10 <= 0000001c
@0000303c: $16 <= 00000007
@0000301c: $17 <= 00000000
@00003020: $ 8 <= 00000000
@00003028: $17 <= 00000000
@0000302c: $ 8 <= 00000001
@00003028: $17 <= 00000001
@0000302c: $ 8 <= 00000002
@00003028: $17 <= 00000003
@0000302c: $ 8 <= 00000003
@00003028: $17 <= 00000006
@0000302c: $ 8 <= 00000004
@00003028: $17 <= 0000000a
@0000302c: $ 8 <= 00000005
@00003028: $17 <= 0000000f
@0000302c: $ 8 <= 00000006
@00003028: $17 <= 00000015
@0000302c: $ 8 <= 00000007
@00003034: *0000001c <= 00000015
@00003038: $10 <= 00000020
@0000303c: $16 <= 00000008
@0000301c: $17 <= 00000000
@00003020: $ 8 <= 00000000
@00003028: $17 <= 00000000
@0000302c: $ 8 <= 00000001
@00003028: $17 <= 00000001
@0000302c: $ 8 <= 00000002
@00003028: $17 <= 00000003
@0000302c: $ 8 <= 00000003
@00003028: $17 <= 00000006
@0000302c: $ 8 <= 00000004
@00003028: $17 <= 0000000a
@0000302c: $ 8 <= 00000005
@00003028: $17 <= 0000000f
@0000302c: $ 8 <= 00000006
@00003028: $17 <= 00000015
@0000302c: $ 8 <= 00000007
@00003028: $17 <= 0000001c
@0000302c: $ 8 <= 00000008
@00003034: *00000020 <= 0000001c
@00003038: $10 <= 00000024
@0000303c: $16 <= 00000009
@0000301c: $17 <= 00000000
@00003020: $ 8 <= 00000000
@00003028: $17 <= 00000000
@0000302c: $ 8 <= 00000001
@00003028: $17 <= 00000001
@0000302c: $ 8 <= 00000002
@00003028: $17 <= 00000003
@0000302c: $ 8 <= 00000003
@00003028: $17 <= 00000006
@0000302c: $ 8 <= 00000004
# restart
# run 100us
Simulator is doing circuit initialization process.
Finished circuit initialization process.
@00003000: $18 <= 00010000
@00003004: $ 1 <= 0000fff6
@00003008: $18 <= 0000000a
@0000300c: $ 9 <= 00000001
@00003010: $12 <= 00000004
@0000301c: $17 <= 00000000
@00003020: $ 8 <= 00000000
@00003034: *00000000 <= 00000000
@00003038: $10 <= 00000004
@0000303c: $16 <= 00000001
@0000301c: $17 <= 00000000
@00003020: $ 8 <= 00000000
@00003028: $17 <= 00000000
@0000302c: $ 8 <= 00000001
@00003034: *00000004 <= 00000000
@00003038: $10 <= 00000008
@0000303c: $16 <= 00000002
@0000301c: $17 <= 00000000
@00003020: $ 8 <= 00000000
@00003028: $17 <= 00000000
@0000302c: $ 8 <= 00000001
@00003028: $17 <= 00000001
@0000302c: $ 8 <= 00000002
@00003034: *00000008 <= 00000001
@00003038: $10 <= 0000000c
@0000303c: $16 <= 00000003
@0000301c: $17 <= 00000000
@00003020: $ 8 <= 00000000
@00003028: $17 <= 00000000
@0000302c: $ 8 <= 00000001
@00003028: $17 <= 00000001
@0000302c: $ 8 <= 00000002
@00003028: $17 <= 00000003
@0000302c: $ 8 <= 00000003
@00003034: *0000000c <= 00000003
@00003038: $10 <= 00000010
@0000303c: $16 <= 00000004
@0000301c: $17 <= 00000000
@00003020: $ 8 <= 00000000
@00003028: $17 <= 00000000
@0000302c: $ 8 <= 00000001
@00003028: $17 <= 00000001
@0000302c: $ 8 <= 00000002
@00003028: $17 <= 00000003
@0000302c: $ 8 <= 00000003
@00003028: $17 <= 00000006
@0000302c: $ 8 <= 00000004
@00003034: *00000010 <= 00000006
@00003038: $10 <= 00000014
@0000303c: $16 <= 00000005
@0000301c: $17 <= 00000000
@00003020: $ 8 <= 00000000
@00003028: $17 <= 00000000
@0000302c: $ 8 <= 00000001
@00003028: $17 <= 00000001
@0000302c: $ 8 <= 00000002
@00003028: $17 <= 00000003
@0000302c: $ 8 <= 00000003
@00003028: $17 <= 00000006
@0000302c: $ 8 <= 00000004
@00003028: $17 <= 0000000a
@0000302c: $ 8 <= 00000005
@00003034: *00000014 <= 0000000a
@00003038: $10 <= 00000018
@0000303c: $16 <= 00000006
@0000301c: $17 <= 00000000
@00003020: $ 8 <= 00000000
@00003028: $17 <= 00000000
@0000302c: $ 8 <= 00000001
@00003028: $17 <= 00000001
@0000302c: $ 8 <= 00000002
@00003028: $17 <= 00000003
@0000302c: $ 8 <= 00000003
@00003028: $17 <= 00000006
@0000302c: $ 8 <= 00000004
@00003028: $17 <= 0000000a
@0000302c: $ 8 <= 00000005
@00003028: $17 <= 0000000f
@0000302c: $ 8 <= 00000006
@00003034: *00000018 <= 0000000f
@00003038: $10 <= 0000001c
@0000303c: $16 <= 00000007
@0000301c: $17 <= 00000000
@00003020: $ 8 <= 00000000
@00003028: $17 <= 00000000
@0000302c: $ 8 <= 00000001
@00003028: $17 <= 00000001
@0000302c: $ 8 <= 00000002
@00003028: $17 <= 00000003
@0000302c: $ 8 <= 00000003
@00003028: $17 <= 00000006
@0000302c: $ 8 <= 00000004
@00003028: $17 <= 0000000a
@0000302c: $ 8 <= 00000005
@00003028: $17 <= 0000000f
@0000302c: $ 8 <= 00000006
@00003028: $17 <= 00000015
@0000302c: $ 8 <= 00000007
@00003034: *0000001c <= 00000015
@00003038: $10 <= 00000020
@0000303c: $16 <= 00000008
@0000301c: $17 <= 00000000
@00003020: $ 8 <= 00000000
@00003028: $17 <= 00000000
@0000302c: $ 8 <= 00000001
@00003028: $17 <= 00000001
@0000302c: $ 8 <= 00000002
@00003028: $17 <= 00000003
@0000302c: $ 8 <= 00000003
@00003028: $17 <= 00000006
@0000302c: $ 8 <= 00000004
@00003028: $17 <= 0000000a
@0000302c: $ 8 <= 00000005
@00003028: $17 <= 0000000f
@0000302c: $ 8 <= 00000006
@00003028: $17 <= 00000015
@0000302c: $ 8 <= 00000007
@00003028: $17 <= 0000001c
@0000302c: $ 8 <= 00000008
@00003034: *00000020 <= 0000001c
@00003038: $10 <= 00000024
@0000303c: $16 <= 00000009
@0000301c: $17 <= 00000000
@00003020: $ 8 <= 00000000
@00003028: $17 <= 00000000
@0000302c: $ 8 <= 00000001
@00003028: $17 <= 00000001
@0000302c: $ 8 <= 00000002
@00003028: $17 <= 00000003
@0000302c: $ 8 <= 00000003
@00003028: $17 <= 00000006
@0000302c: $ 8 <= 00000004
@00003028: $17 <= 0000000a
@0000302c: $ 8 <= 00000005
@00003028: $17 <= 0000000f
@0000302c: $ 8 <= 00000006
@00003028: $17 <= 00000015
@0000302c: $ 8 <= 00000007
@00003028: $17 <= 0000001c
@0000302c: $ 8 <= 00000008
@00003028: $17 <= 00000024
@0000302c: $ 8 <= 00000009
@00003034: *00000024 <= 00000024
@00003038: $10 <= 00000028
@0000303c: $16 <= 0000000a
@00003044: $16 <= 0000000f
# restart
# run 1000us
Simulator is doing circuit initialization process.
Finished circuit initialization process.
@00003000: $18 <= 00010000
@00003004: $ 1 <= 0000fff6
@00003008: $18 <= 0000000a
@0000300c: $ 9 <= 00000001
@00003010: $12 <= 00000004
@0000301c: $17 <= 00000000
@00003020: $ 8 <= 00000000
@00003034: *00000000 <= 00000000
@00003038: $10 <= 00000004
@0000303c: $16 <= 00000001
@0000301c: $17 <= 00000000
@00003020: $ 8 <= 00000000
@00003028: $17 <= 00000000
@0000302c: $ 8 <= 00000001
@00003034: *00000004 <= 00000000
@00003038: $10 <= 00000008
@0000303c: $16 <= 00000002
@0000301c: $17 <= 00000000
@00003020: $ 8 <= 00000000
@00003028: $17 <= 00000000
@0000302c: $ 8 <= 00000001
@00003028: $17 <= 00000001
@0000302c: $ 8 <= 00000002
@00003034: *00000008 <= 00000001
@00003038: $10 <= 0000000c
@0000303c: $16 <= 00000003
@0000301c: $17 <= 00000000
@00003020: $ 8 <= 00000000
@00003028: $17 <= 00000000
@0000302c: $ 8 <= 00000001
@00003028: $17 <= 00000001
@0000302c: $ 8 <= 00000002
@00003028: $17 <= 00000003
@0000302c: $ 8 <= 00000003
@00003034: *0000000c <= 00000003
@00003038: $10 <= 00000010
@0000303c: $16 <= 00000004
@0000301c: $17 <= 00000000
@00003020: $ 8 <= 00000000
@00003028: $17 <= 00000000
@0000302c: $ 8 <= 00000001
@00003028: $17 <= 00000001
@0000302c: $ 8 <= 00000002
@00003028: $17 <= 00000003
@0000302c: $ 8 <= 00000003
@00003028: $17 <= 00000006
@0000302c: $ 8 <= 00000004
@00003034: *00000010 <= 00000006
@00003038: $10 <= 00000014
@0000303c: $16 <= 00000005
@0000301c: $17 <= 00000000
@00003020: $ 8 <= 00000000
@00003028: $17 <= 00000000
@0000302c: $ 8 <= 00000001
@00003028: $17 <= 00000001
@0000302c: $ 8 <= 00000002
@00003028: $17 <= 00000003
@0000302c: $ 8 <= 00000003
@00003028: $17 <= 00000006
@0000302c: $ 8 <= 00000004
@00003028: $17 <= 0000000a
@0000302c: $ 8 <= 00000005
@00003034: *00000014 <= 0000000a
@00003038: $10 <= 00000018
@0000303c: $16 <= 00000006
@0000301c: $17 <= 00000000
@00003020: $ 8 <= 00000000
@00003028: $17 <= 00000000
@0000302c: $ 8 <= 00000001
@00003028: $17 <= 00000001
@0000302c: $ 8 <= 00000002
@00003028: $17 <= 00000003
@0000302c: $ 8 <= 00000003
@00003028: $17 <= 00000006
@0000302c: $ 8 <= 00000004
@00003028: $17 <= 0000000a
@0000302c: $ 8 <= 00000005
@00003028: $17 <= 0000000f
@0000302c: $ 8 <= 00000006
@00003034: *00000018 <= 0000000f
@00003038: $10 <= 0000001c
@0000303c: $16 <= 00000007
@0000301c: $17 <= 00000000
@00003020: $ 8 <= 00000000
@00003028: $17 <= 00000000
@0000302c: $ 8 <= 00000001
@00003028: $17 <= 00000001
@0000302c: $ 8 <= 00000002
@00003028: $17 <= 00000003
@0000302c: $ 8 <= 00000003
@00003028: $17 <= 00000006
@0000302c: $ 8 <= 00000004
@00003028: $17 <= 0000000a
@0000302c: $ 8 <= 00000005
@00003028: $17 <= 0000000f
@0000302c: $ 8 <= 00000006
@00003028: $17 <= 00000015
@0000302c: $ 8 <= 00000007
@00003034: *0000001c <= 00000015
@00003038: $10 <= 00000020
@0000303c: $16 <= 00000008
@0000301c: $17 <= 00000000
@00003020: $ 8 <= 00000000
@00003028: $17 <= 00000000
@0000302c: $ 8 <= 00000001
@00003028: $17 <= 00000001
@0000302c: $ 8 <= 00000002
@00003028: $17 <= 00000003
@0000302c: $ 8 <= 00000003
@00003028: $17 <= 00000006
@0000302c: $ 8 <= 00000004
@00003028: $17 <= 0000000a
@0000302c: $ 8 <= 00000005
@00003028: $17 <= 0000000f
@0000302c: $ 8 <= 00000006
@00003028: $17 <= 00000015
@0000302c: $ 8 <= 00000007
@00003028: $17 <= 0000001c
@0000302c: $ 8 <= 00000008
@00003034: *00000020 <= 0000001c
@00003038: $10 <= 00000024
@0000303c: $16 <= 00000009
@0000301c: $17 <= 00000000
@00003020: $ 8 <= 00000000
@00003028: $17 <= 00000000
@0000302c: $ 8 <= 00000001
@00003028: $17 <= 00000001
@0000302c: $ 8 <= 00000002
@00003028: $17 <= 00000003
@0000302c: $ 8 <= 00000003
@00003028: $17 <= 00000006
@0000302c: $ 8 <= 00000004
@00003028: $17 <= 0000000a
@0000302c: $ 8 <= 00000005
@00003028: $17 <= 0000000f
@0000302c: $ 8 <= 00000006
@00003028: $17 <= 00000015
@0000302c: $ 8 <= 00000007
@00003028: $17 <= 0000001c
@0000302c: $ 8 <= 00000008
@00003028: $17 <= 00000024
@0000302c: $ 8 <= 00000009
@00003034: *00000024 <= 00000024
@00003038: $10 <= 00000028
@0000303c: $16 <= 0000000a
@00003044: $16 <= 0000000f
# restart
# run 5000us
Simulator is doing circuit initialization process.
Finished circuit initialization process.
@00003000: $18 <= 00010000
@00003004: $ 1 <= 0000fff6
@00003008: $18 <= 0000000a
@0000300c: $ 9 <= 00000001
@00003010: $12 <= 00000004
@0000301c: $17 <= 00000000
@00003020: $ 8 <= 00000000
@00003034: *00000000 <= 00000000
@00003038: $10 <= 00000004
@0000303c: $16 <= 00000001
@0000301c: $17 <= 00000000
@00003020: $ 8 <= 00000000
@00003028: $17 <= 00000000
@0000302c: $ 8 <= 00000001
@00003034: *00000004 <= 00000000
@00003038: $10 <= 00000008
@0000303c: $16 <= 00000002
@0000301c: $17 <= 00000000
@00003020: $ 8 <= 00000000
@00003028: $17 <= 00000000
@0000302c: $ 8 <= 00000001
@00003028: $17 <= 00000001
@0000302c: $ 8 <= 00000002
@00003034: *00000008 <= 00000001
@00003038: $10 <= 0000000c
@0000303c: $16 <= 00000003
@0000301c: $17 <= 00000000
@00003020: $ 8 <= 00000000
@00003028: $17 <= 00000000
@0000302c: $ 8 <= 00000001
@00003028: $17 <= 00000001
@0000302c: $ 8 <= 00000002
@00003028: $17 <= 00000003
@0000302c: $ 8 <= 00000003
@00003034: *0000000c <= 00000003
@00003038: $10 <= 00000010
@0000303c: $16 <= 00000004
@0000301c: $17 <= 00000000
@00003020: $ 8 <= 00000000
@00003028: $17 <= 00000000
@0000302c: $ 8 <= 00000001
@00003028: $17 <= 00000001
@0000302c: $ 8 <= 00000002
@00003028: $17 <= 00000003
@0000302c: $ 8 <= 00000003
@00003028: $17 <= 00000006
@0000302c: $ 8 <= 00000004
@00003034: *00000010 <= 00000006
@00003038: $10 <= 00000014
@0000303c: $16 <= 00000005
@0000301c: $17 <= 00000000
@00003020: $ 8 <= 00000000
@00003028: $17 <= 00000000
@0000302c: $ 8 <= 00000001
@00003028: $17 <= 00000001
@0000302c: $ 8 <= 00000002
@00003028: $17 <= 00000003
@0000302c: $ 8 <= 00000003
@00003028: $17 <= 00000006
@0000302c: $ 8 <= 00000004
@00003028: $17 <= 0000000a
@0000302c: $ 8 <= 00000005
@00003034: *00000014 <= 0000000a
@00003038: $10 <= 00000018
@0000303c: $16 <= 00000006
@0000301c: $17 <= 00000000
@00003020: $ 8 <= 00000000
@00003028: $17 <= 00000000
@0000302c: $ 8 <= 00000001
@00003028: $17 <= 00000001
@0000302c: $ 8 <= 00000002
@00003028: $17 <= 00000003
@0000302c: $ 8 <= 00000003
@00003028: $17 <= 00000006
@0000302c: $ 8 <= 00000004
@00003028: $17 <= 0000000a
@0000302c: $ 8 <= 00000005
@00003028: $17 <= 0000000f
@0000302c: $ 8 <= 00000006
@00003034: *00000018 <= 0000000f
@00003038: $10 <= 0000001c
@0000303c: $16 <= 00000007
@0000301c: $17 <= 00000000
@00003020: $ 8 <= 00000000
@00003028: $17 <= 00000000
@0000302c: $ 8 <= 00000001
@00003028: $17 <= 00000001
@0000302c: $ 8 <= 00000002
@00003028: $17 <= 00000003
@0000302c: $ 8 <= 00000003
@00003028: $17 <= 00000006
@0000302c: $ 8 <= 00000004
@00003028: $17 <= 0000000a
@0000302c: $ 8 <= 00000005
@00003028: $17 <= 0000000f
@0000302c: $ 8 <= 00000006
@00003028: $17 <= 00000015
@0000302c: $ 8 <= 00000007
@00003034: *0000001c <= 00000015
@00003038: $10 <= 00000020
@0000303c: $16 <= 00000008
@0000301c: $17 <= 00000000
@00003020: $ 8 <= 00000000
@00003028: $17 <= 00000000
@0000302c: $ 8 <= 00000001
@00003028: $17 <= 00000001
@0000302c: $ 8 <= 00000002
@00003028: $17 <= 00000003
@0000302c: $ 8 <= 00000003
@00003028: $17 <= 00000006
@0000302c: $ 8 <= 00000004
@00003028: $17 <= 0000000a
@0000302c: $ 8 <= 00000005
@00003028: $17 <= 0000000f
@0000302c: $ 8 <= 00000006
@00003028: $17 <= 00000015
@0000302c: $ 8 <= 00000007
@00003028: $17 <= 0000001c
@0000302c: $ 8 <= 00000008
@00003034: *00000020 <= 0000001c
@00003038: $10 <= 00000024
@0000303c: $16 <= 00000009
@0000301c: $17 <= 00000000
@00003020: $ 8 <= 00000000
@00003028: $17 <= 00000000
@0000302c: $ 8 <= 00000001
@00003028: $17 <= 00000001
@0000302c: $ 8 <= 00000002
@00003028: $17 <= 00000003
@0000302c: $ 8 <= 00000003
@00003028: $17 <= 00000006
@0000302c: $ 8 <= 00000004
@00003028: $17 <= 0000000a
@0000302c: $ 8 <= 00000005
@00003028: $17 <= 0000000f
@0000302c: $ 8 <= 00000006
@00003028: $17 <= 00000015
@0000302c: $ 8 <= 00000007
@00003028: $17 <= 0000001c
@0000302c: $ 8 <= 00000008
@00003028: $17 <= 00000024
@0000302c: $ 8 <= 00000009
@00003034: *00000024 <= 00000024
@00003038: $10 <= 00000028
@0000303c: $16 <= 0000000a
@00003044: $16 <= 0000000f
